#
# A fatal error has been detected by the Java Runtime Environment:
#
#  SIGFPE (0x8) at pc=0x00007fff6c71e21a, pid=16401, tid=0x0000000000000307
#
# JRE version: Java(TM) SE Runtime Environment (8.0_191-b12) (build 1.8.0_191-b12)
# Java VM: Java HotSpot(TM) 64-Bit Server VM (25.191-b12 mixed mode bsd-amd64 compressed oops)
# Problematic frame:
# C  [libsystem_kernel.dylib+0x121a]  mach_msg_trap+0xa
#
# Failed to write core dump. Core dumps have been disabled. To enable core dumping, try "ulimit -c unlimited" before starting Java again
#
# If you would like to submit a bug report, please visit:
#   http://bugreport.java.com/bugreport/crash.jsp
#

---------------  T H R E A D  ---------------

Current thread is native thread

siginfo: si_signo: 8 (SIGFPE), si_code: 0 (unknown), si_addr: 0x00007fff6c71e21a

Registers:
RAX=0x0000000010004005, RBX=0x0000000007000806, RCX=0x00007ffee48ae588, RDX=0x0000000000000000
RSP=0x00007ffee48ae588, RBP=0x00007ffee48ae5e0, RSI=0x0000000007000806, RDI=0x00007ffee48ae740
R8 =0x0000000000001203, R9 =0x00000000ffffffff, R10=0x0000000000000c00, R11=0x0000000000000206
R12=0x0000000007000806, R13=0x0000000000000c00, R14=0x00007ffee48ae740, R15=0x0000000000000000
RIP=0x00007fff6c71e21a, EFLAGS=0x0000000000000206, ERR=0x000000000100001f
  TRAPNO=0x0000000000000085

Top of Stack: (sp=0x00007ffee48ae588)
0x00007ffee48ae588:   00007fff6c71e768 0000000000000000
0x00007ffee48ae598:   00000000ffffffff 00007ffee48ae5e0
0x00007ffee48ae5a8:   00007fff6c71ecc2 00001203ffffffff
0x00007ffee48ae5b8:   00000000ffffffff 00007fc553e01510
0x00007ffee48ae5c8:   00007ffee48ae740 0000000000001203
0x00007ffee48ae5d8:   00007fc553e01390 00007ffee48ae660
0x00007ffee48ae5e8:   00007fff4065c87e 00007ffe00000000
0x00007ffee48ae5f8:   00007ffee48ae6c8 00000000ffffffff
0x00007ffee48ae608:   00007ffee48ae718 00007ffee48ae6d0
0x00007ffee48ae618:   07000806e48ae648 0000000007000801
0x00007ffee48ae628:   00007ffee48ae6f8 00001203ffffffff
0x00007ffee48ae638:   00007fc553e01390 0000000000000000
0x00007ffee48ae648:   00000000ffffffff 0000000000001203
0x00007ffee48ae658:   00007fc553e01510 00007ffee48af370
0x00007ffee48ae668:   00007fff4065bdec 00007fc553e01390
0x00007ffee48ae678:   00007fc553e01510 00007fff3e7d4a3e
0x00007ffee48ae688:   0000000000000b03 0000000000001003
0x00007ffee48ae698:   00007fff9b8038f0 00007fff3e7d680f
0x00007ffee48ae6a8:   00007fff3e7dcdb5 00007fff3e7d49ea
0x00007ffee48ae6b8:   41c25f1fff5e7760 00007fc553e017b0
0x00007ffee48ae6c8:   ffffffffffffffff 0000000000000000
0x00007ffee48ae6d8:   00007fc553e017c0 00007fc553e013a0
0x00007ffee48ae6e8:   00007fc553e01520 0000000000000000
0x00007ffee48ae6f8:   00007ffee48ae740 00000000e3d4e97c
0x00007ffee48ae708:   4415af1d78b58c00 00000b036c6d1000
0x00007ffee48ae718:   0000100300000000 000000005d858a93
0x00007ffee48ae728:   00007fff6c7bd000 00007ffee48ae770
0x00007ffee48ae738:   000000010c0b1453 00000c0000000000
0x00007ffee48ae748:   0000120300000000 000000000c114920
0x00007ffee48ae758:   00007fff6c795bbb 0000000000000000
0x00007ffee48ae768:   0000000000002800 0000000000000008
0x00007ffee48ae778:   00007fff6c5cc90f 000000010b36d200 

Instructions: (pc=0x00007fff6c71e21a)
0x00007fff6c71e1fa:   ca b8 1c 00 00 01 0f 05 c3 90 49 89 ca b8 1d 00
0x00007fff6c71e20a:   00 01 0f 05 c3 90 49 89 ca b8 1f 00 00 01 0f 05
0x00007fff6c71e21a:   c3 90 49 89 ca b8 20 00 00 01 0f 05 c3 90 49 89
0x00007fff6c71e22a:   ca b8 21 00 00 01 0f 05 c3 90 49 89 ca b8 22 00 

Register to memory mapping:

RAX=0x0000000010004005 is an unknown value
RBX=0x0000000007000806 is an unknown value
RCX=0x00007ffee48ae588 is an unknown value
RDX=0x0000000000000000 is an unknown value
RSP=0x00007ffee48ae588 is an unknown value
RBP=0x00007ffee48ae5e0 is an unknown value
RSI=0x0000000007000806 is an unknown value
RDI=0x00007ffee48ae740 is an unknown value
R8 =0x0000000000001203 is an unknown value
R9 =0x00000000ffffffff is an unknown value
R10=0x0000000000000c00 is an unknown value
R11=0x0000000000000206 is an unknown value
R12=0x0000000007000806 is an unknown value
R13=0x0000000000000c00 is an unknown value
R14=0x00007ffee48ae740 is an unknown value
R15=0x0000000000000000 is an unknown value


Stack: [0x00007ffee40b5000,0x00007ffee48b5000],  sp=0x00007ffee48ae588,  free space=8165k
Native frames: (J=compiled Java code, j=interpreted, Vv=VM code, C=native code)
C  [libsystem_kernel.dylib+0x121a]  mach_msg_trap+0xa
C  [CoreFoundation+0x3b87e]  __CFRunLoopServiceMachPort+0x148
C  [CoreFoundation+0x3adec]  __CFRunLoopRun+0x64c
C  [CoreFoundation+0x3a54e]  CFRunLoopRunSpecific+0x1c7
C  [java+0x646e]  CreateExecutionEnvironment+0x367
C  [java+0x203c]  JLI_Launch+0x7a0
C  [java+0x84cb]  main+0x65
C  [java+0x1894]  start+0x34


---------------  P R O C E S S  ---------------

VM state:not at safepoint (normal execution)

VM Mutex/Monitor currently owned by a thread: None

Heap:
 PSYoungGen      total 460288K, used 105024K [0x000000076ab00000, 0x0000000791e80000, 0x00000007c0000000)
  eden space 439808K, 23% used [0x000000076ab00000,0x0000000771190338,0x0000000785880000)
  from space 20480K, 0% used [0x0000000785880000,0x0000000785880000,0x0000000786c80000)
  to   space 19968K, 0% used [0x0000000790b00000,0x0000000790b00000,0x0000000791e80000)
 ParOldGen       total 138752K, used 23709K [0x00000006c0000000, 0x00000006c8780000, 0x000000076ab00000)
  object space 138752K, 17% used [0x00000006c0000000,0x00000006c1727470,0x00000006c8780000)
 Metaspace       used 61922K, capacity 64806K, committed 64840K, reserved 1105920K
  class space    used 8553K, capacity 9057K, committed 9088K, reserved 1048576K

Card table byte_map: [0x000000010b82f000,0x000000010c030000] byte_map_base: 0x000000010822f000

Marking Bits: (ParMarkBitMap*) 0x000000010daf9e00
 Begin Bits: [0x000000011d70a000, 0x000000012170a000)
 End Bits:   [0x000000012170a000, 0x000000012570a000)

Polling page: 0x000000010b3c8000

CodeCache: size=245760Kb used=9913Kb max_used=9990Kb free=235846Kb
 bounds [0x000000010e1b4000, 0x000000010eb84000, 0x000000011d1b4000]
 total_blobs=5896 nmethods=5313 adapters=495
 compilation: enabled

Compilation events (10 events):
Event: 4236.190 Thread 0x00007fc555811800 5441       1       org.apache.catalina.connector.Request::getAttribute (259 bytes)
Event: 4236.191 Thread 0x00007fc555811800 nmethod 5441 0x000000010e5c8c90 code [0x000000010e5c8f40, 0x000000010e5c9678]
Event: 4236.192 Thread 0x00007fc555811800 5442       1       org.apache.coyote.Request::getMimeHeaders (5 bytes)
Event: 4236.192 Thread 0x00007fc555811800 nmethod 5442 0x000000010e757e90 code [0x000000010e757fe0, 0x000000010e7580f0]
Event: 4236.193 Thread 0x00007fc555811800 5444       1       org.springframework.util.LinkedCaseInsensitiveMap::convertKey (9 bytes)
Event: 4236.193 Thread 0x00007fc555811800 nmethod 5444 0x000000010e757b10 code [0x000000010e757c80, 0x000000010e757dc8]
Event: 4236.194 Thread 0x00007fc555811800 5443       1       org.apache.tomcat.util.http.MimeHeaders::size (5 bytes)
Event: 4236.194 Thread 0x00007fc555811800 nmethod 5443 0x000000010e416850 code [0x000000010e4169a0, 0x000000010e416ab0]
Event: 4258.935 Thread 0x00007fc555811800 5445       1       java.nio.channels.SelectionKey::attachment (5 bytes)
Event: 4258.935 Thread 0x00007fc555811800 nmethod 5445 0x000000010e3e3a10 code [0x000000010e3e3b60, 0x000000010e3e3c70]

GC Heap History (10 events):
Event: 2.380 GC heap before
{Heap before GC invocations=8 (full 1):
 PSYoungGen      total 254464K, used 168450K [0x000000076ab00000, 0x000000077bd00000, 0x00000007c0000000)
  eden space 245248K, 64% used [0x000000076ab00000,0x0000000774687438,0x0000000779a80000)
  from space 9216K, 99% used [0x000000077b400000,0x000000077bcf9560,0x000000077bd00000)
  to   space 10752K, 0% used [0x000000077a800000,0x000000077a800000,0x000000077b280000)
 ParOldGen       total 78848K, used 6526K [0x00000006c0000000, 0x00000006c4d00000, 0x000000076ab00000)
  object space 78848K, 8% used [0x00000006c0000000,0x00000006c065fa48,0x00000006c4d00000)
 Metaspace       used 34832K, capacity 36468K, committed 36600K, reserved 1081344K
  class space    used 4601K, capacity 4917K, committed 4992K, reserved 1048576K
Event: 2.392 GC heap after
Heap after GC invocations=8 (full 1):
 PSYoungGen      total 269824K, used 10720K [0x000000076ab00000, 0x0000000788080000, 0x00000007c0000000)
  eden space 259072K, 0% used [0x000000076ab00000,0x000000076ab00000,0x000000077a800000)
  from space 10752K, 99% used [0x000000077a800000,0x000000077b278388,0x000000077b280000)
  to   space 14848K, 0% used [0x0000000787200000,0x0000000787200000,0x0000000788080000)
 ParOldGen       total 78848K, used 11712K [0x00000006c0000000, 0x00000006c4d00000, 0x000000076ab00000)
  object space 78848K, 14% used [0x00000006c0000000,0x00000006c0b70288,0x00000006c4d00000)
 Metaspace       used 34832K, capacity 36468K, committed 36600K, reserved 1081344K
  class space    used 4601K, capacity 4917K, committed 4992K, reserved 1048576K
}
Event: 2.392 GC heap before
{Heap before GC invocations=9 (full 2):
 PSYoungGen      total 269824K, used 10720K [0x000000076ab00000, 0x0000000788080000, 0x00000007c0000000)
  eden space 259072K, 0% used [0x000000076ab00000,0x000000076ab00000,0x000000077a800000)
  from space 10752K, 99% used [0x000000077a800000,0x000000077b278388,0x000000077b280000)
  to   space 14848K, 0% used [0x0000000787200000,0x0000000787200000,0x0000000788080000)
 ParOldGen       total 78848K, used 11712K [0x00000006c0000000, 0x00000006c4d00000, 0x000000076ab00000)
  object space 78848K, 14% used [0x00000006c0000000,0x00000006c0b70288,0x00000006c4d00000)
 Metaspace       used 34832K, capacity 36468K, committed 36600K, reserved 1081344K
  class space    used 4601K, capacity 4917K, committed 4992K, reserved 1048576K
Event: 2.474 GC heap after
Heap after GC invocations=9 (full 2):
 PSYoungGen      total 269824K, used 0K [0x000000076ab00000, 0x0000000788080000, 0x00000007c0000000)
  eden space 259072K, 0% used [0x000000076ab00000,0x000000076ab00000,0x000000077a800000)
  from space 10752K, 0% used [0x000000077a800000,0x000000077a800000,0x000000077b280000)
  to   space 14848K, 0% used [0x0000000787200000,0x0000000787200000,0x0000000788080000)
 ParOldGen       total 115200K, used 20540K [0x00000006c0000000, 0x00000006c7080000, 0x000000076ab00000)
  object space 115200K, 17% used [0x00000006c0000000,0x00000006c140f070,0x00000006c7080000)
 Metaspace       used 34831K, capacity 36462K, committed 36600K, reserved 1081344K
  class space    used 4601K, capacity 4916K, committed 4992K, reserved 1048576K
}
Event: 3.926 GC heap before
{Heap before GC invocations=10 (full 2):
 PSYoungGen      total 269824K, used 259072K [0x000000076ab00000, 0x0000000788080000, 0x00000007c0000000)
  eden space 259072K, 100% used [0x000000076ab00000,0x000000077a800000,0x000000077a800000)
  from space 10752K, 0% used [0x000000077a800000,0x000000077a800000,0x000000077b280000)
  to   space 14848K, 0% used [0x0000000787200000,0x0000000787200000,0x0000000788080000)
 ParOldGen       total 115200K, used 20540K [0x00000006c0000000, 0x00000006c7080000, 0x000000076ab00000)
  object space 115200K, 17% used [0x00000006c0000000,0x00000006c140f070,0x00000006c7080000)
 Metaspace       used 54116K, capacity 56624K, committed 56904K, reserved 1097728K
  class space    used 7545K, capacity 8000K, committed 8064K, reserved 1048576K
Event: 3.943 GC heap after
Heap after GC invocations=10 (full 2):
 PSYoungGen      total 452608K, used 14837K [0x000000076ab00000, 0x0000000788080000, 0x00000007c0000000)
  eden space 437760K, 0% used [0x000000076ab00000,0x000000076ab00000,0x0000000785680000)
  from space 14848K, 99% used [0x0000000787200000,0x000000078807d450,0x0000000788080000)
  to   space 20480K, 0% used [0x0000000785880000,0x0000000785880000,0x0000000786c80000)
 ParOldGen       total 115200K, used 29045K [0x00000006c0000000, 0x00000006c7080000, 0x000000076ab00000)
  object space 115200K, 25% used [0x00000006c0000000,0x00000006c1c5d528,0x00000006c7080000)
 Metaspace       used 54116K, capacity 56624K, committed 56904K, reserved 1097728K
  class space    used 7545K, capacity 8000K, committed 8064K, reserved 1048576K
}
Event: 12.079 GC heap before
{Heap before GC invocations=11 (full 2):
 PSYoungGen      total 452608K, used 112741K [0x000000076ab00000, 0x0000000788080000, 0x00000007c0000000)
  eden space 437760K, 22% used [0x000000076ab00000,0x0000000770a9c298,0x0000000785680000)
  from space 14848K, 99% used [0x0000000787200000,0x000000078807d450,0x0000000788080000)
  to   space 20480K, 0% used [0x0000000785880000,0x0000000785880000,0x0000000786c80000)
 ParOldGen       total 115200K, used 29045K [0x00000006c0000000, 0x00000006c7080000, 0x000000076ab00000)
  object space 115200K, 25% used [0x00000006c0000000,0x00000006c1c5d528,0x00000006c7080000)
 Metaspace       used 58013K, capacity 60818K, committed 61000K, reserved 1101824K
  class space    used 8084K, capacity 8569K, committed 8576K, reserved 1048576K
Event: 12.090 GC heap after
Heap after GC invocations=11 (full 2):
 PSYoungGen      total 460288K, used 11547K [0x000000076ab00000, 0x0000000791e80000, 0x00000007c0000000)
  eden space 439808K, 0% used [0x000000076ab00000,0x000000076ab00000,0x0000000785880000)
  from space 20480K, 56% used [0x0000000785880000,0x00000007863c6ef0,0x0000000786c80000)
  to   space 19968K, 0% used [0x0000000790b00000,0x0000000790b00000,0x0000000791e80000)
 ParOldGen       total 115200K, used 29053K [0x00000006c0000000, 0x00000006c7080000, 0x000000076ab00000)
  object space 115200K, 25% used [0x00000006c0000000,0x00000006c1c5f528,0x00000006c7080000)
 Metaspace       used 58013K, capacity 60818K, committed 61000K, reserved 1101824K
  class space    used 8084K, capacity 8569K, committed 8576K, reserved 1048576K
}
Event: 12.090 GC heap before
{Heap before GC invocations=12 (full 3):
 PSYoungGen      total 460288K, used 11547K [0x000000076ab00000, 0x0000000791e80000, 0x00000007c0000000)
  eden space 439808K, 0% used [0x000000076ab00000,0x000000076ab00000,0x0000000785880000)
  from space 20480K, 56% used [0x0000000785880000,0x00000007863c6ef0,0x0000000786c80000)
  to   space 19968K, 0% used [0x0000000790b00000,0x0000000790b00000,0x0000000791e80000)
 ParOldGen       total 115200K, used 29053K [0x00000006c0000000, 0x00000006c7080000, 0x000000076ab00000)
  object space 115200K, 25% used [0x00000006c0000000,0x00000006c1c5f528,0x00000006c7080000)
 Metaspace       used 58013K, capacity 60818K, committed 61000K, reserved 1101824K
  class space    used 8084K, capacity 8569K, committed 8576K, reserved 1048576K
Event: 12.191 GC heap after
Heap after GC invocations=12 (full 3):
 PSYoungGen      total 460288K, used 0K [0x000000076ab00000, 0x0000000791e80000, 0x00000007c0000000)
  eden space 439808K, 0% used [0x000000076ab00000,0x000000076ab00000,0x0000000785880000)
  from space 20480K, 0% used [0x0000000785880000,0x0000000785880000,0x0000000786c80000)
  to   space 19968K, 0% used [0x0000000790b00000,0x0000000790b00000,0x0000000791e80000)
 ParOldGen       total 138752K, used 23709K [0x00000006c0000000, 0x00000006c8780000, 0x000000076ab00000)
  object space 138752K, 17% used [0x00000006c0000000,0x00000006c1727470,0x00000006c8780000)
 Metaspace       used 58013K, capacity 60818K, committed 61000K, reserved 1101824K
  class space    used 8084K, capacity 8569K, committed 8576K, reserved 1048576K
}

Deoptimization events (0 events):
No events

Classes redefined (0 events):
No events

Internal exceptions (10 events):
Event: 111.217 Thread 0x00007fc554152000 Exception <a 'java/lang/ArrayIndexOutOfBoundsException'> (0x000000076e1641d0) thrown at [/Users/java_re/workspace/8-2-build-macosx-x86_64/jdk8u191/11896/hotspot/src/share/vm/runtime/sharedRuntime.cpp, line 605]
Event: 111.221 Thread 0x00007fc554152000 Exception <a 'java/lang/ArrayIndexOutOfBoundsException'> (0x000000076e1ace20) thrown at [/Users/java_re/workspace/8-2-build-macosx-x86_64/jdk8u191/11896/hotspot/src/share/vm/runtime/sharedRuntime.cpp, line 605]
Event: 111.229 Thread 0x00007fc554152000 Exception <a 'java/lang/ArrayIndexOutOfBoundsException'> (0x000000076e264c50) thrown at [/Users/java_re/workspace/8-2-build-macosx-x86_64/jdk8u191/11896/hotspot/src/share/vm/runtime/sharedRuntime.cpp, line 605]
Event: 976.707 Thread 0x00007fc557541000 Exception <a 'java/lang/ArrayIndexOutOfBoundsException'> (0x000000076f326680) thrown at [/Users/java_re/workspace/8-2-build-macosx-x86_64/jdk8u191/11896/hotspot/src/share/vm/runtime/sharedRuntime.cpp, line 605]
Event: 976.708 Thread 0x00007fc557541000 Exception <a 'java/lang/ArrayIndexOutOfBoundsException'> (0x000000076f334180) thrown at [/Users/java_re/workspace/8-2-build-macosx-x86_64/jdk8u191/11896/hotspot/src/share/vm/runtime/sharedRuntime.cpp, line 605]
Event: 983.351 Thread 0x00007fc554203800 Exception <a 'java/lang/ArrayIndexOutOfBoundsException'> (0x000000076f5d2640) thrown at [/Users/java_re/workspace/8-2-build-macosx-x86_64/jdk8u191/11896/hotspot/src/share/vm/runtime/sharedRuntime.cpp, line 605]
Event: 983.352 Thread 0x00007fc554203800 Exception <a 'java/lang/ArrayIndexOutOfBoundsException'> (0x000000076f5e0140) thrown at [/Users/java_re/workspace/8-2-build-macosx-x86_64/jdk8u191/11896/hotspot/src/share/vm/runtime/sharedRuntime.cpp, line 605]
Event: 4229.769 Thread 0x00007fc557b2e800 Exception <a 'java/lang/ArrayIndexOutOfBoundsException'> (0x0000000770f25c80) thrown at [/Users/java_re/workspace/8-2-build-macosx-x86_64/jdk8u191/11896/hotspot/src/share/vm/runtime/sharedRuntime.cpp, line 605]
Event: 4229.773 Thread 0x00007fc557b2e800 Exception <a 'java/lang/ArrayIndexOutOfBoundsException'> (0x0000000770f3cdd0) thrown at [/Users/java_re/workspace/8-2-build-macosx-x86_64/jdk8u191/11896/hotspot/src/share/vm/runtime/sharedRuntime.cpp, line 605]
Event: 4229.774 Thread 0x00007fc557b2e800 Exception <a 'java/lang/ArrayIndexOutOfBoundsException'> (0x0000000770f416e0) thrown at [/Users/java_re/workspace/8-2-build-macosx-x86_64/jdk8u191/11896/hotspot/src/share/vm/runtime/sharedRuntime.cpp, line 605]

Events (10 events):
Event: 4236.193 Thread 0x00007fc555811800 flushing nmethod 0x000000010e413a90
Event: 4236.193 Thread 0x00007fc555811800 flushing nmethod 0x000000010e416850
Event: 4236.193 Thread 0x00007fc555811800 flushing nmethod 0x000000010e41dbd0
Event: 4241.195 Executing VM operation: RevokeBias
Event: 4241.195 Executing VM operation: RevokeBias done
Event: 4241.195 Executing VM operation: RevokeBias
Event: 4241.195 Executing VM operation: RevokeBias done
Event: 4241.195 Executing VM operation: RevokeBias
Event: 4241.196 Executing VM operation: RevokeBias done
Event: 4241.196 Thread 0x00007fc5551a1800 Thread exited: 0x00007fc5551a1800


Dynamic libraries:
0x00007fff3fdac000 	/System/Library/Frameworks/Cocoa.framework/Versions/A/Cocoa
0x00007fff4bb5b000 	/System/Library/Frameworks/Security.framework/Versions/A/Security
0x00007fff3ea3e000 	/System/Library/Frameworks/ApplicationServices.framework/Versions/A/ApplicationServices
0x00007fff6bc76000 	/usr/lib/libz.1.dylib
0x00007fff695cd000 	/usr/lib/libSystem.B.dylib
0x00007fff6ae06000 	/usr/lib/libobjc.A.dylib
0x00007fff40621000 	/System/Library/Frameworks/CoreFoundation.framework/Versions/A/CoreFoundation
0x00007fff428a6000 	/System/Library/Frameworks/Foundation.framework/Versions/C/Foundation
0x00007fff3dc37000 	/System/Library/Frameworks/AppKit.framework/Versions/C/AppKit
0x00007fff401aa000 	/System/Library/Frameworks/CoreData.framework/Versions/A/CoreData
0x00007fff63091000 	/System/Library/PrivateFrameworks/RemoteViewServices.framework/Versions/A/RemoteViewServices
0x00007fff67309000 	/System/Library/PrivateFrameworks/UIFoundation.framework/Versions/A/UIFoundation
0x00007fff689ee000 	/System/Library/PrivateFrameworks/XCTTargetBootstrap.framework/Versions/A/XCTTargetBootstrap
0x00007fff40530000 	/System/Library/Frameworks/CoreDisplay.framework/Versions/A/CoreDisplay
0x00007fff5dda4000 	/System/Library/PrivateFrameworks/IconServices.framework/Versions/A/IconServices
0x00007fff451c8000 	/System/Library/Frameworks/Metal.framework/Versions/A/Metal
0x00007fff552e8000 	/System/Library/PrivateFrameworks/DesktopServicesPriv.framework/Versions/A/DesktopServicesPriv
0x00007fff6a169000 	/usr/lib/libenergytrace.dylib
0x00007fff657ef000 	/System/Library/PrivateFrameworks/SkyLight.framework/Versions/A/SkyLight
0x00007fff40a68000 	/System/Library/Frameworks/CoreGraphics.framework/Versions/A/CoreGraphics
0x00007fff3ca03000 	/System/Library/Frameworks/Accelerate.framework/Versions/A/Accelerate
0x00007fff42fef000 	/System/Library/Frameworks/IOSurface.framework/Versions/A/IOSurface
0x00007fff55154000 	/System/Library/PrivateFrameworks/DFRFoundation.framework/Versions/A/DFRFoundation
0x00007fff3ef21000 	/System/Library/Frameworks/AudioToolbox.framework/Versions/A/AudioToolbox
0x00007fff3f19a000 	/System/Library/Frameworks/AudioUnit.framework/Versions/A/AudioUnit
0x00007fff551e9000 	/System/Library/PrivateFrameworks/DataDetectorsCore.framework/Versions/A/DataDetectorsCore
0x00007fff3f8af000 	/System/Library/Frameworks/Carbon.framework/Versions/A/Frameworks/HIToolbox.framework/Versions/A/HIToolbox
0x00007fff6a2c2000 	/usr/lib/libicucore.A.dylib
0x00007fff4b0ce000 	/System/Library/Frameworks/QuartzCore.framework/Versions/A/QuartzCore
0x00007fff3fc84000 	/System/Library/Frameworks/Carbon.framework/Versions/A/Frameworks/SpeechRecognition.framework/Versions/A/SpeechRecognition
0x00007fff69721000 	/usr/lib/libauto.dylib
0x00007fff6bb69000 	/usr/lib/libxml2.2.dylib
0x00007fff54d2f000 	/System/Library/PrivateFrameworks/CoreUI.framework/Versions/A/CoreUI
0x00007fff40095000 	/System/Library/Frameworks/CoreAudio.framework/Versions/A/CoreAudio
0x00007fff426da000 	/System/Library/Frameworks/DiskArbitration.framework/Versions/A/DiskArbitration
0x00007fff6a570000 	/usr/lib/liblangid.dylib
0x00007fff5f1d5000 	/System/Library/PrivateFrameworks/MultitouchSupport.framework/Versions/A/MultitouchSupport
0x00007fff42f5e000 	/System/Library/Frameworks/IOKit.framework/Versions/A/IOKit
0x00007fff6918d000 	/usr/lib/libDiagnosticMessagesClient.dylib
0x00007fff41878000 	/System/Library/Frameworks/CoreServices.framework/Versions/A/CoreServices
0x00007fff60e90000 	/System/Library/PrivateFrameworks/PerformanceAnalysis.framework/Versions/A/PerformanceAnalysis
0x00007fff4a2b5000 	/System/Library/Frameworks/OpenGL.framework/Versions/A/OpenGL
0x00007fff3fdba000 	/System/Library/Frameworks/ColorSync.framework/Versions/A/ColorSync
0x00007fff410fa000 	/System/Library/Frameworks/CoreImage.framework/Versions/A/CoreImage
0x00007fff42250000 	/System/Library/Frameworks/CoreText.framework/Versions/A/CoreText
0x00007fff43052000 	/System/Library/Frameworks/ImageIO.framework/Versions/A/ImageIO
0x00007fff5137f000 	/System/Library/PrivateFrameworks/Backup.framework/Versions/A/Backup
0x00007fff69674000 	/usr/lib/libarchive.2.dylib
0x00007fff3f4f3000 	/System/Library/Frameworks/CFNetwork.framework/Versions/A/CFNetwork
0x00007fff4c2b7000 	/System/Library/Frameworks/SystemConfiguration.framework/Versions/A/SystemConfiguration
0x00007fff690be000 	/usr/lib/libCRFSuite.dylib
0x00007fff69812000 	/usr/lib/libc++.1.dylib
0x00007fff69866000 	/usr/lib/libc++abi.dylib
0x00007fff6c46c000 	/usr/lib/system/libcache.dylib
0x00007fff6c471000 	/usr/lib/system/libcommonCrypto.dylib
0x00007fff6c47c000 	/usr/lib/system/libcompiler_rt.dylib
0x00007fff6c484000 	/usr/lib/system/libcopyfile.dylib
0x00007fff6c48e000 	/usr/lib/system/libcorecrypto.dylib
0x00007fff6c599000 	/usr/lib/system/libdispatch.dylib
0x00007fff6c5d3000 	/usr/lib/system/libdyld.dylib
0x00007fff6c600000 	/usr/lib/system/libkeymgr.dylib
0x00007fff6c60e000 	/usr/lib/system/liblaunch.dylib
0x00007fff6c60f000 	/usr/lib/system/libmacho.dylib
0x00007fff6c615000 	/usr/lib/system/libquarantine.dylib
0x00007fff6c618000 	/usr/lib/system/libremovefile.dylib
0x00007fff6c61a000 	/usr/lib/system/libsystem_asl.dylib
0x00007fff6c632000 	/usr/lib/system/libsystem_blocks.dylib
0x00007fff6c633000 	/usr/lib/system/libsystem_c.dylib
0x00007fff6c6bb000 	/usr/lib/system/libsystem_configuration.dylib
0x00007fff6c6bf000 	/usr/lib/system/libsystem_coreservices.dylib
0x00007fff6c6c3000 	/usr/lib/system/libsystem_darwin.dylib
0x00007fff6c6ca000 	/usr/lib/system/libsystem_dnssd.dylib
0x00007fff6c6d1000 	/usr/lib/system/libsystem_info.dylib
0x00007fff6c746000 	/usr/lib/system/libsystem_m.dylib
0x00007fff6c792000 	/usr/lib/system/libsystem_malloc.dylib
0x00007fff6c7bd000 	/usr/lib/system/libsystem_networkextension.dylib
0x00007fff6c7c8000 	/usr/lib/system/libsystem_notify.dylib
0x00007fff6c7e5000 	/usr/lib/system/libsystem_sandbox.dylib
0x00007fff6c7e9000 	/usr/lib/system/libsystem_secinit.dylib
0x00007fff6c71d000 	/usr/lib/system/libsystem_kernel.dylib
0x00007fff6c7d0000 	/usr/lib/system/libsystem_platform.dylib
0x00007fff6c7da000 	/usr/lib/system/libsystem_pthread.dylib
0x00007fff6c7ec000 	/usr/lib/system/libsystem_symptoms.dylib
0x00007fff6c7f4000 	/usr/lib/system/libsystem_trace.dylib
0x00007fff6c80b000 	/usr/lib/system/libunwind.dylib
0x00007fff6c811000 	/usr/lib/system/libxpc.dylib
0x00007fff697f3000 	/usr/lib/libbsm.0.dylib
0x00007fff6c601000 	/usr/lib/system/libkxld.dylib
0x00007fff50770000 	/System/Library/PrivateFrameworks/AppleFSCompression.framework/Versions/A/AppleFSCompression
0x00007fff6948d000 	/usr/lib/libOpenScriptingUtil.dylib
0x00007fff69b1b000 	/usr/lib/libcoretls.dylib
0x00007fff69b32000 	/usr/lib/libcoretls_cfhelpers.dylib
0x00007fff6b59d000 	/usr/lib/libpam.2.dylib
0x00007fff6b75d000 	/usr/lib/libsqlite3.dylib
0x00007fff6bb57000 	/usr/lib/libxar.1.dylib
0x00007fff69804000 	/usr/lib/libbz2.1.0.dylib
0x00007fff6a572000 	/usr/lib/liblzma.5.dylib
0x00007fff6aa23000 	/usr/lib/libnetwork.dylib
0x00007fff6965d000 	/usr/lib/libapple_nghttp2.dylib
0x00007fff6b5a4000 	/usr/lib/libpcap.A.dylib
0x00007fff41c17000 	/System/Library/Frameworks/CoreServices.framework/Versions/A/Frameworks/FSEvents.framework/Versions/A/FSEvents
0x00007fff418f6000 	/System/Library/Frameworks/CoreServices.framework/Versions/A/Frameworks/CarbonCore.framework/Versions/A/CarbonCore
0x00007fff41dd2000 	/System/Library/Frameworks/CoreServices.framework/Versions/A/Frameworks/Metadata.framework/Versions/A/Metadata
0x00007fff41e71000 	/System/Library/Frameworks/CoreServices.framework/Versions/A/Frameworks/OSServices.framework/Versions/A/OSServices
0x00007fff41ebc000 	/System/Library/Frameworks/CoreServices.framework/Versions/A/Frameworks/SearchKit.framework/Versions/A/SearchKit
0x00007fff41879000 	/System/Library/Frameworks/CoreServices.framework/Versions/A/Frameworks/AE.framework/Versions/A/AE
0x00007fff41c20000 	/System/Library/Frameworks/CoreServices.framework/Versions/A/Frameworks/LaunchServices.framework/Versions/A/LaunchServices
0x00007fff41bce000 	/System/Library/Frameworks/CoreServices.framework/Versions/A/Frameworks/DictionaryServices.framework/Versions/A/DictionaryServices
0x00007fff41f24000 	/System/Library/Frameworks/CoreServices.framework/Versions/A/Frameworks/SharedFileList.framework/Versions/A/SharedFileList
0x00007fff46290000 	/System/Library/Frameworks/NetFS.framework/Versions/A/NetFS
0x00007fff5f43b000 	/System/Library/PrivateFrameworks/NetAuth.framework/Versions/A/NetAuth
0x00007fff68df2000 	/System/Library/PrivateFrameworks/login.framework/Versions/A/Frameworks/loginsupport.framework/Versions/A/loginsupport
0x00007fff66f12000 	/System/Library/PrivateFrameworks/TCC.framework/Versions/A/TCC
0x00007fff5438c000 	/System/Library/PrivateFrameworks/CoreNLP.framework/Versions/A/CoreNLP
0x00007fff5eeab000 	/System/Library/PrivateFrameworks/MetadataUtilities.framework/Versions/A/MetadataUtilities
0x00007fff6a647000 	/usr/lib/libmecabra.dylib
0x00007fff3ea3f000 	/System/Library/Frameworks/ApplicationServices.framework/Versions/A/Frameworks/ATS.framework/Versions/A/ATS
0x00007fff3ed8e000 	/System/Library/Frameworks/ApplicationServices.framework/Versions/A/Frameworks/ColorSyncLegacy.framework/Versions/A/ColorSyncLegacy
0x00007fff3ee2d000 	/System/Library/Frameworks/ApplicationServices.framework/Versions/A/Frameworks/HIServices.framework/Versions/A/HIServices
0x00007fff3ee80000 	/System/Library/Frameworks/ApplicationServices.framework/Versions/A/Frameworks/LangAnalysis.framework/Versions/A/LangAnalysis
0x00007fff3ee90000 	/System/Library/Frameworks/ApplicationServices.framework/Versions/A/Frameworks/PrintCore.framework/Versions/A/PrintCore
0x00007fff3eeda000 	/System/Library/Frameworks/ApplicationServices.framework/Versions/A/Frameworks/QD.framework/Versions/A/QD
0x00007fff3ef14000 	/System/Library/Frameworks/ApplicationServices.framework/Versions/A/Frameworks/SpeechSynthesis.framework/Versions/A/SpeechSynthesis
0x00007fff6988e000 	/usr/lib/libcompression.dylib
0x00007fff45498000 	/System/Library/Frameworks/MetalPerformanceShaders.framework/Versions/A/MetalPerformanceShaders
0x00007fff3ca1b000 	/System/Library/Frameworks/Accelerate.framework/Versions/A/Frameworks/vImage.framework/Versions/A/vImage
0x00007fff3da95000 	/System/Library/Frameworks/Accelerate.framework/Versions/A/Frameworks/vecLib.framework/Versions/A/vecLib
0x00007fff3d9e1000 	/System/Library/Frameworks/Accelerate.framework/Versions/A/Frameworks/vecLib.framework/Versions/A/libvMisc.dylib
0x00007fff3d7f9000 	/System/Library/Frameworks/Accelerate.framework/Versions/A/Frameworks/vecLib.framework/Versions/A/libvDSP.dylib
0x00007fff3d0b5000 	/System/Library/Frameworks/Accelerate.framework/Versions/A/Frameworks/vecLib.framework/Versions/A/libBLAS.dylib
0x00007fff3d3a2000 	/System/Library/Frameworks/Accelerate.framework/Versions/A/Frameworks/vecLib.framework/Versions/A/libLAPACK.dylib
0x00007fff3d74c000 	/System/Library/Frameworks/Accelerate.framework/Versions/A/Frameworks/vecLib.framework/Versions/A/libLinearAlgebra.dylib
0x00007fff3d7e5000 	/System/Library/Frameworks/Accelerate.framework/Versions/A/Frameworks/vecLib.framework/Versions/A/libSparseBLAS.dylib
0x00007fff3d762000 	/System/Library/Frameworks/Accelerate.framework/Versions/A/Frameworks/vecLib.framework/Versions/A/libQuadrature.dylib
0x00007fff3d32f000 	/System/Library/Frameworks/Accelerate.framework/Versions/A/Frameworks/vecLib.framework/Versions/A/libBNNS.dylib
0x00007fff3d768000 	/System/Library/Frameworks/Accelerate.framework/Versions/A/Frameworks/vecLib.framework/Versions/A/libSparse.dylib
0x00007fff5b6da000 	/System/Library/PrivateFrameworks/GPUWrangler.framework/Versions/A/GPUWrangler
0x00007fff5d9d9000 	/System/Library/PrivateFrameworks/IOAccelerator.framework/Versions/A/IOAccelerator
0x00007fff5d9e4000 	/System/Library/PrivateFrameworks/IOPresentment.framework/Versions/A/IOPresentment
0x00007fff55164000 	/System/Library/PrivateFrameworks/DSExternalDisplay.framework/Versions/A/DSExternalDisplay
0x00007fff4970c000 	/System/Library/Frameworks/OpenGL.framework/Versions/A/Libraries/libCoreFSCache.dylib
0x00007fff4528c000 	/System/Library/Frameworks/MetalPerformanceShaders.framework/Frameworks/MPSCore.framework/Versions/A/MPSCore
0x00007fff452ac000 	/System/Library/Frameworks/MetalPerformanceShaders.framework/Frameworks/MPSImage.framework/Versions/A/MPSImage
0x00007fff45351000 	/System/Library/Frameworks/MetalPerformanceShaders.framework/Frameworks/MPSNeuralNetwork.framework/Versions/A/MPSNeuralNetwork
0x00007fff45329000 	/System/Library/Frameworks/MetalPerformanceShaders.framework/Frameworks/MPSMatrix.framework/Versions/A/MPSMatrix
0x00007fff4547d000 	/System/Library/Frameworks/MetalPerformanceShaders.framework/Frameworks/MPSRayIntersector.framework/Versions/A/MPSRayIntersector
0x00007fff5eed4000 	/System/Library/PrivateFrameworks/MetalTools.framework/Versions/A/MetalTools
0x00007fff5001a000 	/System/Library/PrivateFrameworks/AggregateDictionary.framework/Versions/A/AggregateDictionary
0x00007fff6946d000 	/usr/lib/libMobileGestalt.dylib
0x00007fff423b3000 	/System/Library/Frameworks/CoreVideo.framework/Versions/A/CoreVideo
0x00007fff5c4eb000 	/System/Library/PrivateFrameworks/GraphVisualizer.framework/Versions/A/GraphVisualizer
0x00007fff5636a000 	/System/Library/PrivateFrameworks/FaceCore.framework/Versions/A/FaceCore
0x00007fff48d3a000 	/System/Library/Frameworks/OpenCL.framework/Versions/A/OpenCL
0x00007fff691c5000 	/usr/lib/libFosl_dynamic.dylib
0x00007fff5fca6000 	/System/Library/PrivateFrameworks/OTSVG.framework/Versions/A/OTSVG
0x00007fff3eb43000 	/System/Library/Frameworks/ApplicationServices.framework/Versions/A/Frameworks/ATS.framework/Versions/A/Resources/libFontParser.dylib
0x00007fff3ec5b000 	/System/Library/Frameworks/ApplicationServices.framework/Versions/A/Frameworks/ATS.framework/Versions/A/Resources/libFontRegistry.dylib
0x00007fff432c1000 	/System/Library/Frameworks/ImageIO.framework/Versions/A/Resources/libJPEG.dylib
0x00007fff435d3000 	/System/Library/Frameworks/ImageIO.framework/Versions/A/Resources/libTIFF.dylib
0x00007fff435a9000 	/System/Library/Frameworks/ImageIO.framework/Versions/A/Resources/libPng.dylib
0x00007fff431df000 	/System/Library/Frameworks/ImageIO.framework/Versions/A/Resources/libGIF.dylib
0x00007fff431e4000 	/System/Library/Frameworks/ImageIO.framework/Versions/A/Resources/libJP2.dylib
0x00007fff435d0000 	/System/Library/Frameworks/ImageIO.framework/Versions/A/Resources/libRadiance.dylib
0x00007fff508c7000 	/System/Library/PrivateFrameworks/AppleJPEG.framework/Versions/A/AppleJPEG
0x00007fff49717000 	/System/Library/Frameworks/OpenGL.framework/Versions/A/Libraries/libGFXShared.dylib
0x00007fff498da000 	/System/Library/Frameworks/OpenGL.framework/Versions/A/Libraries/libGLU.dylib
0x00007fff49720000 	/System/Library/Frameworks/OpenGL.framework/Versions/A/Libraries/libGL.dylib
0x00007fff4972c000 	/System/Library/Frameworks/OpenGL.framework/Versions/A/Libraries/libGLImage.dylib
0x00007fff49709000 	/System/Library/Frameworks/OpenGL.framework/Versions/A/Libraries/libCVMSPluginSupport.dylib
0x00007fff49712000 	/System/Library/Frameworks/OpenGL.framework/Versions/A/Libraries/libCoreVMClient.dylib
0x00007fff69fdf000 	/usr/lib/libcups.2.dylib
0x00007fff44793000 	/System/Library/Frameworks/Kerberos.framework/Versions/A/Kerberos
0x00007fff42cc2000 	/System/Library/Frameworks/GSS.framework/Versions/A/GSS
0x00007fff6b6f2000 	/usr/lib/libresolv.9.dylib
0x00007fff6a1d1000 	/usr/lib/libiconv.2.dylib
0x00007fff5c660000 	/System/Library/PrivateFrameworks/Heimdal.framework/Versions/A/Heimdal
0x00007fff6a1a1000 	/usr/lib/libheimdal-asn1.dylib
0x00007fff48dae000 	/System/Library/Frameworks/OpenDirectory.framework/Versions/A/OpenDirectory
0x00007fff530ef000 	/System/Library/PrivateFrameworks/CommonAuth.framework/Versions/A/CommonAuth
0x00007fff48d92000 	/System/Library/Frameworks/OpenDirectory.framework/Versions/A/Frameworks/CFOpenDirectory.framework/Versions/A/CFOpenDirectory
0x00007fff4be5c000 	/System/Library/Frameworks/SecurityFoundation.framework/Versions/A/SecurityFoundation
0x00007fff4f560000 	/System/Library/PrivateFrameworks/APFS.framework/Versions/A/APFS
0x00007fff6bb53000 	/usr/lib/libutil.dylib
0x00007fff6987c000 	/usr/lib/libcharset.1.dylib
0x00007fff50b64000 	/System/Library/PrivateFrameworks/AppleSauce.framework/Versions/A/AppleSauce
0x00007fff50ce5000 	/System/Library/PrivateFrameworks/AssertionServices.framework/Versions/A/AssertionServices
0x00007fff51415000 	/System/Library/PrivateFrameworks/BaseBoard.framework/Versions/A/BaseBoard
0x00007fff6a5a2000 	/usr/lib/libmecab.1.0.0.dylib
0x00007fff6a19b000 	/usr/lib/libgermantok.dylib
0x00007fff6964a000 	/usr/lib/libThaiTokenizer.dylib
0x00007fff690f5000 	/usr/lib/libChineseTokenizer.dylib
0x00007fff5e091000 	/System/Library/PrivateFrameworks/LanguageModeling.framework/Versions/A/LanguageModeling
0x00007fff53dd1000 	/System/Library/PrivateFrameworks/CoreEmoji.framework/Versions/A/CoreEmoji
0x00007fff5e16d000 	/System/Library/PrivateFrameworks/Lexicon.framework/Versions/A/Lexicon
0x00007fff5e1b0000 	/System/Library/PrivateFrameworks/LinguisticData.framework/Versions/A/LinguisticData
0x00007fff6987d000 	/usr/lib/libcmph.dylib
0x00007fff4bf1a000 	/System/Library/Frameworks/ServiceManagement.framework/Versions/A/ServiceManagement
0x00007fff51376000 	/System/Library/PrivateFrameworks/BackgroundTaskManagement.framework/Versions/A/BackgroundTaskManagement
0x00007fff6bc4d000 	/usr/lib/libxslt.1.dylib
0x00007fff3fbb1000 	/System/Library/Frameworks/Carbon.framework/Versions/A/Frameworks/Ink.framework/Versions/A/Ink
0x00007fff67184000 	/System/Library/PrivateFrameworks/TextureIO.framework/Versions/A/TextureIO
0x00007fff6969e000 	/usr/lib/libate.dylib
0x00007fff550b3000 	/System/Library/PrivateFrameworks/CrashReporterSupport.framework/Versions/A/CrashReporterSupport
0x00007fff648bd000 	/System/Library/PrivateFrameworks/Sharing.framework/Versions/A/Sharing
0x00007fff510c8000 	/System/Library/PrivateFrameworks/AuthKit.framework/Versions/A/AuthKit
0x00007fff5061c000 	/System/Library/PrivateFrameworks/Apple80211.framework/Versions/A/Apple80211
0x00007fff54e5b000 	/System/Library/PrivateFrameworks/CoreUtils.framework/Versions/A/CoreUtils
0x00007fff423f4000 	/System/Library/Frameworks/CoreWLAN.framework/Versions/A/CoreWLAN
0x00007fff42df1000 	/System/Library/Frameworks/IOBluetooth.framework/Versions/A/IOBluetooth
0x00007fff62d31000 	/System/Library/PrivateFrameworks/ProtocolBuffer.framework/Versions/A/ProtocolBuffer
0x00007fff5f131000 	/System/Library/PrivateFrameworks/MobileKeyBag.framework/Versions/A/MobileKeyBag
0x00007fff5469f000 	/System/Library/PrivateFrameworks/CorePhoneNumbers.framework/Versions/A/CorePhoneNumbers
0x00007fff5087b000 	/System/Library/PrivateFrameworks/AppleIDAuthSupport.framework/Versions/A/AppleIDAuthSupport
0x00007fff5e064000 	/System/Library/PrivateFrameworks/KeychainCircle.framework/Versions/A/KeychainCircle
0x00007fff62ee7000 	/System/Library/PrivateFrameworks/ROCKit.framework/Versions/A/ROCKit
0x00007fff5504f000 	/System/Library/PrivateFrameworks/CoreWiFi.framework/Versions/A/CoreWiFi
0x00007fff4017f000 	/System/Library/Frameworks/CoreBluetooth.framework/Versions/A/CoreBluetooth
0x00007fff552aa000 	/System/Library/PrivateFrameworks/DebugSymbols.framework/Versions/A/DebugSymbols
0x00007fff54c1b000 	/System/Library/PrivateFrameworks/CoreSymbolication.framework/Versions/A/CoreSymbolication
0x00007fff6699f000 	/System/Library/PrivateFrameworks/Symbolication.framework/Versions/A/Symbolication
0x00007fff66242000 	/System/Library/PrivateFrameworks/SpeechRecognitionCore.framework/Versions/A/SpeechRecognitionCore
0x000000010d200000 	/Library/Java/JavaVirtualMachines/jdk1.8.0_191.jdk/Contents/Home/jre/lib/server/libjvm.dylib
0x00007fff6ba2e000 	/usr/lib/libstdc++.6.dylib
0x000000010b384000 	/Library/Java/JavaVirtualMachines/jdk1.8.0_191.jdk/Contents/Home/jre/lib/libverify.dylib
0x000000010b392000 	/Library/Java/JavaVirtualMachines/jdk1.8.0_191.jdk/Contents/Home/jre/lib/libjava.dylib
0x000000010b3c9000 	/Library/Java/JavaVirtualMachines/jdk1.8.0_191.jdk/Contents/Home/jre/lib/libinstrument.dylib
0x000000010b466000 	/Library/Java/JavaVirtualMachines/jdk1.8.0_191.jdk/Contents/Home/jre/lib/libzip.dylib
0x0000000128a23000 	/Library/Java/JavaVirtualMachines/jdk1.8.0_191.jdk/Contents/Home/jre/lib/libnet.dylib
0x0000000128a82000 	/Library/Java/JavaVirtualMachines/jdk1.8.0_191.jdk/Contents/Home/jre/lib/libmanagement.dylib
0x0000000128a90000 	/Library/Java/JavaVirtualMachines/jdk1.8.0_191.jdk/Contents/Home/jre/lib/libnio.dylib
0x000000012ba59000 	/Library/Java/JavaVirtualMachines/jdk1.8.0_191.jdk/Contents/Home/jre/lib/libsunec.dylib

VM Arguments:
jvm_args: -XX:TieredStopAtLevel=1 -Xverify:none -Dspring.output.ansi.enabled=always -Dcom.sun.management.jmxremote -Dcom.sun.management.jmxremote.port=51240 -Dcom.sun.management.jmxremote.authenticate=false -Dcom.sun.management.jmxremote.ssl=false -Djava.rmi.server.hostname=127.0.0.1 -Dspring.liveBeansView.mbeanDomain -Dspring.application.admin.enabled=true -javaagent:/Applications/IntelliJ IDEA.app/Contents/lib/idea_rt.jar=51241:/Applications/IntelliJ IDEA.app/Contents/bin -Dfile.encoding=UTF-8 
java_command: com.example.demo.SareetaApplication
java_class_path (initial): /Library/Java/JavaVirtualMachines/jdk1.8.0_191.jdk/Contents/Home/jre/lib/charsets.jar:/Library/Java/JavaVirtualMachines/jdk1.8.0_191.jdk/Contents/Home/jre/lib/deploy.jar:/Library/Java/JavaVirtualMachines/jdk1.8.0_191.jdk/Contents/Home/jre/lib/ext/cldrdata.jar:/Library/Java/JavaVirtualMachines/jdk1.8.0_191.jdk/Contents/Home/jre/lib/ext/dnsns.jar:/Library/Java/JavaVirtualMachines/jdk1.8.0_191.jdk/Contents/Home/jre/lib/ext/jaccess.jar:/Library/Java/JavaVirtualMachines/jdk1.8.0_191.jdk/Contents/Home/jre/lib/ext/jfxrt.jar:/Library/Java/JavaVirtualMachines/jdk1.8.0_191.jdk/Contents/Home/jre/lib/ext/localedata.jar:/Library/Java/JavaVirtualMachines/jdk1.8.0_191.jdk/Contents/Home/jre/lib/ext/nashorn.jar:/Library/Java/JavaVirtualMachines/jdk1.8.0_191.jdk/Contents/Home/jre/lib/ext/sunec.jar:/Library/Java/JavaVirtualMachines/jdk1.8.0_191.jdk/Contents/Home/jre/lib/ext/sunjce_provider.jar:/Library/Java/JavaVirtualMachines/jdk1.8.0_191.jdk/Contents/Home/jre/lib/ext/sunpkcs11.jar:/Library/Java/JavaVirtualMachines/jdk1.8.0_191.jdk/Contents/Home/jre/lib/ext/zipfs.jar:/Library/Java/JavaVirtualMachines/jdk1.8.0_191.jdk/Contents/Home/jre/lib/javaws.jar:/Library/Java/JavaVirtualMachines/jdk1.8.0_191.jdk/Contents/Home/jre/lib/jce.jar:/Library/Java/JavaVirtualMachines/jdk1.8.0_191.jdk/Contents/Home/jre/lib/jfr.jar:/Library/Java/JavaVirtualMachines/jdk1.8.0_191.jdk/Contents/Home/jre/lib/jfxswt.jar:/Library/Java/JavaVirtualMachines/jdk1.8.0_191.jdk/Contents/Home/jre/lib/jsse.jar:/Library/Java/JavaVirtualMachines/jdk1.8.0_191.jdk/Contents/Home/jre/lib/management-agent.jar:/Library/Java/JavaVirtualMachines/jdk1.8.0_191.jdk/Contents/Home/jre/lib/plugin.jar:/Library/Java/JavaVirtualMachines/jdk1.8.0_191.jdk/Contents/Home/jre/lib/resources.jar:/Library/Java/JavaVirtualMachines/jdk1.8.0_191.jdk/Contents/Home/jre/lib/rt.jar:/Library/Java/JavaVirtualMachines/jdk1.8.0_191.jdk/Contents/Home/lib/ant-javafx.jar:/Library/Java/JavaVirtualMachines/jdk1.8.0_191.jdk/Contents/Home
Launcher Type: SUN_STANDARD

Environment Variables:
PATH=/Users/mac/opt/apache-maven/bin:/Users/mac/.ebcli-virtual-env/executables:/usr/local/opt/mysql@5.7/bin:/Users/mac/.sdkman/candidates/groovy/current/bin:/Users/mac/.sdkman/candidates/grails/current/bin:/Users/mac/.sdkman/candidates/gradle/current/bin:/usr/lib/postgresql/10.2/bin/:/usr/local/mysql/bin:/usr/local/bin:/usr/bin:/bin:/usr/sbin:/sbin
SHELL=/bin/bash

Signal Handlers:
SIGSEGV: [libjvm.dylib+0x5b5de9], sa_mask[0]=11111111011111110111111111111111, sa_flags=SA_ONSTACK|SA_RESTART|SA_SIGINFO
SIGBUS: [libjvm.dylib+0x5b5de9], sa_mask[0]=11111111011111110111111111111111, sa_flags=SA_RESTART|SA_SIGINFO
SIGFPE: [libjvm.dylib+0x48b6b0], sa_mask[0]=11111111011111110111111111111111, sa_flags=SA_RESTART|SA_SIGINFO
SIGPIPE: [libjvm.dylib+0x48b6b0], sa_mask[0]=11111111011111110111111111111111, sa_flags=SA_RESTART|SA_SIGINFO
SIGXFSZ: [libjvm.dylib+0x48b6b0], sa_mask[0]=11111111011111110111111111111111, sa_flags=SA_RESTART|SA_SIGINFO
SIGILL: [libjvm.dylib+0x48b6b0], sa_mask[0]=11111111011111110111111111111111, sa_flags=SA_RESTART|SA_SIGINFO
SIGUSR1: SIG_DFL, sa_mask[0]=00000000000000000000000000000000, sa_flags=none
SIGUSR2: [libjvm.dylib+0x48b1ce], sa_mask[0]=00100000000000000000000000000000, sa_flags=SA_RESTART|SA_SIGINFO
SIGHUP: [libjvm.dylib+0x489759], sa_mask[0]=11111111011111110111111111111111, sa_flags=SA_RESTART|SA_SIGINFO
SIGINT: [libjvm.dylib+0x489759], sa_mask[0]=11111111011111110111111111111111, sa_flags=SA_RESTART|SA_SIGINFO
SIGTERM: [libjvm.dylib+0x489759], sa_mask[0]=11111111011111110111111111111111, sa_flags=SA_RESTART|SA_SIGINFO
SIGQUIT: [libjvm.dylib+0x489759], sa_mask[0]=11111111011111110111111111111111, sa_flags=SA_RESTART|SA_SIGINFO


---------------  S Y S T E M  ---------------

OS:Bsduname:Darwin 18.7.0 Darwin Kernel Version 18.7.0: Mon Apr 27 20:09:39 PDT 2020; root:xnu-4903.278.35~1/RELEASE_X86_64 x86_64
rlimit: STACK 8192k, CORE 0k, NPROC 1418, NOFILE 10240, AS infinity
load average:6.28 6.51 5.30

CPU:total 8 (initial active 8) (4 cores per cpu, 2 threads per core) family 6 model 70 stepping 1, cmov, cx8, fxsr, mmx, sse, sse2, sse3, ssse3, sse4.1, sse4.2, popcnt, avx, avx2, aes, clmul, erms, lzcnt, ht, tsc, tscinvbit, bmi1, bmi2

Memory: 4k page, physical 16777216k(1979136k free)

/proc/meminfo:


vm_info: Java HotSpot(TM) 64-Bit Server VM (25.191-b12) for bsd-amd64 JRE (1.8.0_191-b12), built on Oct  6 2018 08:37:07 by "java_re" with gcc 4.2.1 (Based on Apple Inc. build 5658) (LLVM build 2336.11.00)

time: Tue Jul 14 21:44:29 2020
elapsed time: 4271 seconds (0d 1h 11m 11s)

